{
  "RSpec": {
    "coverage": {
      "/Users/nellyduclos/ROR/split-fair/app/models/user.rb": [
        1,
        null,
        null,
        1,
        null,
        null
      ],
      "/Users/nellyduclos/ROR/split-fair/app/models/application_record.rb": [
        1,
        1,
        null
      ],
      "/Users/nellyduclos/ROR/split-fair/app/helpers/application_helper.rb": [
        1,
        null
      ],
      "/Users/nellyduclos/ROR/split-fair/app/helpers/events_helper.rb": [
        1,
        null
      ],
      "/Users/nellyduclos/ROR/split-fair/app/helpers/pages_helper.rb": [
        1,
        null
      ],
      "/Users/nellyduclos/ROR/split-fair/app/helpers/participants_helper.rb": [
        1,
        null
      ],
      "/Users/nellyduclos/ROR/split-fair/app/models/event.rb": [
        1,
        1,
        1,
        1,
        1,
        null,
        null,
        1,
        null,
        1,
        0,
        0,
        0,
        null,
        0,
        null,
        null,
        null
      ],
      "/Users/nellyduclos/ROR/split-fair/app/models/participant.rb": [
        1,
        null,
        1,
        1,
        null,
        1,
        4,
        null,
        1,
        0,
        null,
        null,
        null,
        null,
        1,
        0,
        null,
        null,
        null,
        null
      ],
      "/Users/nellyduclos/ROR/split-fair/app/channels/application_cable/channel.rb": [
        0,
        0,
        0,
        0
      ],
      "/Users/nellyduclos/ROR/split-fair/app/channels/application_cable/connection.rb": [
        0,
        0,
        0,
        0
      ],
      "/Users/nellyduclos/ROR/split-fair/app/controllers/application_controller.rb": [
        0,
        0,
        0,
        0
      ],
      "/Users/nellyduclos/ROR/split-fair/app/controllers/events_controller.rb": [
        0,
        0,
        0,
        0,
        0,
        0,
        0,
        0,
        0,
        0,
        0,
        0,
        0,
        0,
        0,
        0,
        0,
        0,
        0,
        0,
        0,
        0,
        0,
        0,
        0,
        0,
        0,
        0,
        0,
        0,
        0,
        0,
        0,
        0,
        0,
        0,
        0
      ],
      "/Users/nellyduclos/ROR/split-fair/app/controllers/pages_controller.rb": [
        0,
        0,
        0,
        0,
        0,
        0
      ],
      "/Users/nellyduclos/ROR/split-fair/app/jobs/application_job.rb": [
        0,
        0
      ],
      "/Users/nellyduclos/ROR/split-fair/app/mailers/application_mailer.rb": [
        0,
        0,
        0,
        0
      ]
    },
    "timestamp": 1490557521
  }
}
